<?xml version="1.0" encoding="UTF-8"?><testsuite errors="1" failures="0" name="Realizar la compra" skipped="0" tests="1" time="24.24" timestamp="2021-01-25 05:36:31"><testcase name="Compra de manera virtual"><error message="invalid selector: Unable to locate an element with the xpath expression //*[contains(@class,'button btn btn-default button-medium')]')] because of the following error:&#10;SyntaxError: Failed to execute 'evaluate' on 'Document': The string '//*[contains(@class,'button btn btn-default button-medium')]')]' is not a valid XPath expression.&#10;  (Session info: chrome=88.0.4324.104)&#10;For documentation on this error, please visit: https://www.seleniumhq.org/exceptions/invalid_selector_exception.html&#10;Build info: version: '3.141.59', revision: 'e82be7d358', time: '2018-11-14T08:17:03'&#10;System info: host: 'LAPTOP-3H36VAS3', ip: '192.168.43.86', os.name: 'Windows 10', os.arch: 'amd64', os.version: '10.0', java.version: '1.8.0_261'&#10;Driver info: org.openqa.selenium.chrome.ChromeDriver&#10;Capabilities {acceptInsecureCerts: false, browserName: chrome, browserVersion: 88.0.4324.104, chrome: {chromedriverVersion: 88.0.4324.96 (68dba2d8a0b14..., userDataDir: C:\Users\luism\AppData\Loca...}, goog:chromeOptions: {debuggerAddress: localhost:49638}, javascriptEnabled: true, networkConnectionEnabled: false, pageLoadStrategy: normal, platform: WINDOWS, platformName: WINDOWS, proxy: Proxy(), setWindowRect: true, strictFileInteractability: false, timeouts: {implicit: 0, pageLoad: 300000, script: 30000}, unhandledPromptBehavior: dismiss and notify, webauthn:extension:largeBlob: true, webauthn:virtualAuthenticators: true}&#10;Session ID: c4aa8c44c209b0e52315006d2eb84ed7&#10;*** Element info: {Using=xpath, value=//*[contains(@class,'button btn btn-default button-medium')]')]}" type="org.openqa.selenium.InvalidSelectorException">invalid selector: Unable to locate an element with the xpath expression //*[contains(@class,'button btn btn-default button-medium')]')] because of the following error:
SyntaxError: Failed to execute 'evaluate' on 'Document': The string '//*[contains(@class,'button btn btn-default button-medium')]')]' is not a valid XPath expression.
  (Session info: chrome=88.0.4324.104)
For documentation on this error, please visit: https://www.seleniumhq.org/exceptions/invalid_selector_exception.html
Build info: version: '3.141.59', revision: 'e82be7d358', time: '2018-11-14T08:17:03'
System info: host: 'LAPTOP-3H36VAS3', ip: '192.168.43.86', os.name: 'Windows 10', os.arch: 'amd64', os.version: '10.0', java.version: '1.8.0_261'
Driver info: org.openqa.selenium.chrome.ChromeDriver
Capabilities {acceptInsecureCerts: false, browserName: chrome, browserVersion: 88.0.4324.104, chrome: {chromedriverVersion: 88.0.4324.96 (68dba2d8a0b14..., userDataDir: C:\Users\luism\AppData\Loca...}, goog:chromeOptions: {debuggerAddress: localhost:49638}, javascriptEnabled: true, networkConnectionEnabled: false, pageLoadStrategy: normal, platform: WINDOWS, platformName: WINDOWS, proxy: Proxy(), setWindowRect: true, strictFileInteractability: false, timeouts: {implicit: 0, pageLoad: 300000, script: 30000}, unhandledPromptBehavior: dismiss and notify, webauthn:extension:largeBlob: true, webauthn:virtualAuthenticators: true}
Session ID: c4aa8c44c209b0e52315006d2eb84ed7
*** Element info: {Using=xpath, value=//*[contains(@class,'button btn btn-default button-medium')]')]}</error><system-err>invalid selector: Unable to locate an element with the xpath expression //*[contains(@class,'button btn btn-default button-medium')]')] because of the following error:
SyntaxError: Failed to execute 'evaluate' on 'Document': The string '//*[contains(@class,'button btn btn-default button-medium')]')]' is not a valid XPath expression.
  (Session info: chrome=88.0.4324.104)
For documentation on this error, please visit: https://www.seleniumhq.org/exceptions/invalid_selector_exception.html
Build info: version: '3.141.59', revision: 'e82be7d358', time: '2018-11-14T08:17:03'
System info: host: 'LAPTOP-3H36VAS3', ip: '192.168.43.86', os.name: 'Windows 10', os.arch: 'amd64', os.version: '10.0', java.version: '1.8.0_261'
Driver info: org.openqa.selenium.chrome.ChromeDriver
Capabilities {acceptInsecureCerts: false, browserName: chrome, browserVersion: 88.0.4324.104, chrome: {chromedriverVersion: 88.0.4324.96 (68dba2d8a0b14..., userDataDir: C:\Users\luism\AppData\Loca...}, goog:chromeOptions: {debuggerAddress: localhost:49638}, javascriptEnabled: true, networkConnectionEnabled: false, pageLoadStrategy: normal, platform: WINDOWS, platformName: WINDOWS, proxy: Proxy(), setWindowRect: true, strictFileInteractability: false, timeouts: {implicit: 0, pageLoad: 300000, script: 30000}, unhandledPromptBehavior: dismiss and notify, webauthn:extension:largeBlob: true, webauthn:virtualAuthenticators: true}
Session ID: c4aa8c44c209b0e52315006d2eb84ed7
*** Element info: {Using=xpath, value=//*[contains(@class,'button btn btn-default button-medium')]')]}&#13;
starter.stepdefinitions.SearchOnDuckDuckGoStepDefinitions.seleccionar_productos(SearchOnDuckDuckGoStepDefinitions.java:38)&#13;
cucumber.runner.PickleStepDefinitionMatch.runStep(PickleStepDefinitionMatch.java:50)&#13;
cucumber.runner.TestStep.executeStep(TestStep.java:65)&#13;
cucumber.runner.TestStep.run(TestStep.java:50)&#13;
cucumber.runner.PickleStepTestStep.run(PickleStepTestStep.java:43)&#13;
cucumber.runner.TestCase.run(TestCase.java:46)&#13;
cucumber.runner.Runner.runPickle(Runner.java:50)&#13;
io.cucumber.junit.FeatureRunner.runChild(FeatureRunner.java:68)&#13;
io.cucumber.junit.FeatureRunner.runChild(FeatureRunner.java:23)&#13;
io.cucumber.junit.CucumberSerenityRunner.runChild(CucumberSerenityRunner.java:208)&#13;
io.cucumber.junit.CucumberSerenityRunner.runChild(CucumberSerenityRunner.java:66)&#13;
</system-err></testcase></testsuite>