<?xml version="1.0" encoding="UTF-8"?><testsuite errors="1" failures="0" name="Realizar la compra" skipped="0" tests="1" time="1.01" timestamp="2021-01-25 02:45:51"><testcase name="Compra de manera virtual"><error message="Could not instantiate class org.openqa.selenium.chrome.ChromeDriver" type="net.thucydides.core.webdriver.DriverConfigurationError">Could not instantiate class org.openqa.selenium.chrome.ChromeDriver</error><system-err>Could not instantiate class org.openqa.selenium.chrome.ChromeDriver
starter.stepdefinitions.SearchOnDuckDuckGoStepDefinitions.ingresar_a_la_pagina(SearchOnDuckDuckGoStepDefinitions.java:31)
cucumber.runner.PickleStepDefinitionMatch.runStep(PickleStepDefinitionMatch.java:50)
cucumber.runner.TestStep.executeStep(TestStep.java:65)
cucumber.runner.TestStep.run(TestStep.java:50)
cucumber.runner.PickleStepTestStep.run(PickleStepTestStep.java:43)
cucumber.runner.TestCase.run(TestCase.java:46)
cucumber.runner.Runner.runPickle(Runner.java:50)
io.cucumber.junit.FeatureRunner.runChild(FeatureRunner.java:68)
io.cucumber.junit.FeatureRunner.runChild(FeatureRunner.java:23)
io.cucumber.junit.CucumberSerenityRunner.runChild(CucumberSerenityRunner.java:208)
io.cucumber.junit.CucumberSerenityRunner.runChild(CucumberSerenityRunner.java:66)
</system-err></testcase></testsuite>